{
  "stats": {
    "suites": 12,
    "tests": 41,
    "passes": 26,
    "pending": 0,
    "failures": 15,
    "start": "2022-02-23T21:05:02.081Z",
    "end": "2022-02-23T21:06:27.140Z",
    "duration": 85059,
    "testsRegistered": 41,
    "passPercent": 63.41463414634146,
    "pendingPercent": 0,
    "other": 0,
    "hasOther": false,
    "skipped": 0,
    "hasSkipped": false
  },
  "results": [
    {
      "uuid": "9f64c41f-cff9-4bc4-ba86-cc15316dde25",
      "title": "",
      "fullFile": "cypress/integration/project.spec.js",
      "file": "cypress/integration/project.spec.js",
      "beforeHooks": [],
      "afterHooks": [],
      "tests": [],
      "suites": [
        {
          "uuid": "b4c9af9f-bba8-43f3-909c-011ad28ca4a5",
          "title": "1 - Adicione à página o título \"Paleta de Cores\".",
          "fullFile": "",
          "file": "",
          "beforeHooks": [],
          "afterHooks": [],
          "tests": [
            {
              "title": "Verifica se contém um elemento `h1` com o id `title` com o título correto",
              "fullTitle": "1 - Adicione à página o título \"Paleta de Cores\". Verifica se contém um elemento `h1` com o id `title` com o título correto",
              "timedOut": null,
              "duration": 201,
              "state": "passed",
              "speed": "slow",
              "pass": true,
              "fail": false,
              "pending": false,
              "context": null,
              "code": "cy.get('h1#title').should('contain.text', 'Paleta de Cores');",
              "err": {},
              "uuid": "6a17e8f3-06c7-4299-a85a-1f20a62ba288",
              "parentUUID": "b4c9af9f-bba8-43f3-909c-011ad28ca4a5",
              "isHook": false,
              "skipped": false
            }
          ],
          "suites": [],
          "passes": [
            "6a17e8f3-06c7-4299-a85a-1f20a62ba288"
          ],
          "failures": [],
          "pending": [],
          "skipped": [],
          "duration": 201,
          "root": false,
          "rootEmpty": false,
          "_timeout": 2000
        },
        {
          "uuid": "fc9fe830-19e6-4be1-9a45-256f1946f4b8",
          "title": "2 - Adicione à página uma paleta de quatro cores distintas.",
          "fullFile": "",
          "file": "",
          "beforeHooks": [],
          "afterHooks": [],
          "tests": [
            {
              "title": "A paleta de cores deve ser um elemento com `id` denominado `color-palette` e ter mais de 0px de altura e de largura.",
              "fullTitle": "2 - Adicione à página uma paleta de quatro cores distintas. A paleta de cores deve ser um elemento com `id` denominado `color-palette` e ter mais de 0px de altura e de largura.",
              "timedOut": null,
              "duration": 110,
              "state": "passed",
              "speed": "slow",
              "pass": true,
              "fail": false,
              "pending": false,
              "context": null,
              "code": "cy.get('#color-palette').should('be.visible');\ncy.get('#color-palette').children('.color');",
              "err": {},
              "uuid": "104a21b6-8301-4b9b-bf72-d85f48e13251",
              "parentUUID": "fc9fe830-19e6-4be1-9a45-256f1946f4b8",
              "isHook": false,
              "skipped": false
            },
            {
              "title": "Verifica se cada cor individual da paleta de cores possui a `classe` chamada `color`.",
              "fullTitle": "2 - Adicione à página uma paleta de quatro cores distintas. Verifica se cada cor individual da paleta de cores possui a `classe` chamada `color`.",
              "timedOut": null,
              "duration": 102,
              "state": "passed",
              "speed": "slow",
              "pass": true,
              "fail": false,
              "pending": false,
              "context": null,
              "code": "cy.get('.color').should('have.length', 4).then(function (colors) {\n  for (var i = 0; i < colors.length; i++) {\n    cy.wrap(colors[i]).should('be.visible');\n  }\n});",
              "err": {},
              "uuid": "f9cf1590-ebab-4261-aff9-ea75c0048f92",
              "parentUUID": "fc9fe830-19e6-4be1-9a45-256f1946f4b8",
              "isHook": false,
              "skipped": false
            },
            {
              "title": "Verifica se a cor de fundo de cada elemento da paleta é a cor que o elemento representa. **A única cor não permitida na paleta é a cor branca.**",
              "fullTitle": "2 - Adicione à página uma paleta de quatro cores distintas. Verifica se a cor de fundo de cada elemento da paleta é a cor que o elemento representa. **A única cor não permitida na paleta é a cor branca.**",
              "timedOut": null,
              "duration": 115,
              "state": "passed",
              "speed": "slow",
              "pass": true,
              "fail": false,
              "pending": false,
              "context": null,
              "code": "cy.get('.color').each(function (color) {\n  cy.wrap(color).should('have.class', 'color').and('not.have.css', 'background-color', WHITE);\n  cy.wrap(color).should('have.css', 'background-color');\n});",
              "err": {},
              "uuid": "9a63b818-e1b6-4e91-b787-837b8124f907",
              "parentUUID": "fc9fe830-19e6-4be1-9a45-256f1946f4b8",
              "isHook": false,
              "skipped": false
            },
            {
              "title": "Verifica se cada elemento da paleta de cores tem uma borda preta, sólida e com 1 pixel de largura;",
              "fullTitle": "2 - Adicione à página uma paleta de quatro cores distintas. Verifica se cada elemento da paleta de cores tem uma borda preta, sólida e com 1 pixel de largura;",
              "timedOut": null,
              "duration": 125,
              "state": "passed",
              "speed": "slow",
              "pass": true,
              "fail": false,
              "pending": false,
              "context": null,
              "code": "cy.get('.color').each(function (color) {\n  cy.wrap(color).and('have.css', 'border', \"1px solid \".concat(BLACK)).and('have.class', 'color');\n});",
              "err": {},
              "uuid": "932cd6e4-737a-4d3b-994c-99176eec45a9",
              "parentUUID": "fc9fe830-19e6-4be1-9a45-256f1946f4b8",
              "isHook": false,
              "skipped": false
            },
            {
              "title": "Verifica se a paleta lista todas as cores disponíveis para utilização, lado a lado.",
              "fullTitle": "2 - Adicione à página uma paleta de quatro cores distintas. Verifica se a paleta lista todas as cores disponíveis para utilização, lado a lado.",
              "timedOut": null,
              "duration": 139,
              "state": "passed",
              "speed": "slow",
              "pass": true,
              "fail": false,
              "pending": false,
              "context": null,
              "code": "cy.get('.color').then(function (colors) {\n  for (var index = 1; index < colors.length; index += 1) {\n    var currentColor = colors[index];\n    var previousColor = colors[index - 1];\n    cy.wrap(currentColor).should('be.onTheRightOf', previousColor).and('be.horizontallyAlignedWith', previousColor);\n  }\n});",
              "err": {},
              "uuid": "115d58e5-4275-49bc-80dc-253898b79c8e",
              "parentUUID": "fc9fe830-19e6-4be1-9a45-256f1946f4b8",
              "isHook": false,
              "skipped": false
            },
            {
              "title": "Verifica se a paleta de cores está posicionada abaixo do título 'Paleta de Cores'",
              "fullTitle": "2 - Adicione à página uma paleta de quatro cores distintas. Verifica se a paleta de cores está posicionada abaixo do título 'Paleta de Cores'",
              "timedOut": null,
              "duration": 125,
              "state": "passed",
              "speed": "slow",
              "pass": true,
              "fail": false,
              "pending": false,
              "context": null,
              "code": "cy.get('h1#title').then(function (title) {\n  cy.get('#color-palette').should('be.belowOf', title);\n});",
              "err": {},
              "uuid": "5d2d48da-300d-4d68-94a9-1f1c8e4e1208",
              "parentUUID": "fc9fe830-19e6-4be1-9a45-256f1946f4b8",
              "isHook": false,
              "skipped": false
            },
            {
              "title": "Verifica se a paleta de cores não contém cores repetidas.",
              "fullTitle": "2 - Adicione à página uma paleta de quatro cores distintas. Verifica se a paleta de cores não contém cores repetidas.",
              "timedOut": null,
              "duration": 85,
              "state": "passed",
              "speed": "slow",
              "pass": true,
              "fail": false,
              "pending": false,
              "context": null,
              "code": "cy.get('.color').then(function (colors) {\n  var allColors = Array.from(colors).map(function (color) {\n    return Cypress.$(color).css('background-color');\n  });\n  cy.log(allColors);\n  var uniqColors = (0, _toConsumableArray2[\"default\"])(new Set(allColors));\n  cy.log(uniqColors);\n  expect(allColors.length).to.eq(uniqColors.length);\n});",
              "err": {},
              "uuid": "dd19c179-714f-41ae-9201-6aae06133649",
              "parentUUID": "fc9fe830-19e6-4be1-9a45-256f1946f4b8",
              "isHook": false,
              "skipped": false
            }
          ],
          "suites": [],
          "passes": [
            "104a21b6-8301-4b9b-bf72-d85f48e13251",
            "f9cf1590-ebab-4261-aff9-ea75c0048f92",
            "9a63b818-e1b6-4e91-b787-837b8124f907",
            "932cd6e4-737a-4d3b-994c-99176eec45a9",
            "115d58e5-4275-49bc-80dc-253898b79c8e",
            "5d2d48da-300d-4d68-94a9-1f1c8e4e1208",
            "dd19c179-714f-41ae-9201-6aae06133649"
          ],
          "failures": [],
          "pending": [],
          "skipped": [],
          "duration": 801,
          "root": false,
          "rootEmpty": false,
          "_timeout": 2000
        },
        {
          "uuid": "8e0f53c6-922c-4108-94a0-cd01de6a771a",
          "title": "3 - Adicione a cor **preta** como a primeira cor da paleta de cores.",
          "fullFile": "",
          "file": "",
          "beforeHooks": [],
          "afterHooks": [],
          "tests": [
            {
              "title": "Verifica se a primeira cor da paleta é preta",
              "fullTitle": "3 - Adicione a cor **preta** como a primeira cor da paleta de cores. Verifica se a primeira cor da paleta é preta",
              "timedOut": null,
              "duration": 127,
              "state": "passed",
              "speed": "slow",
              "pass": true,
              "fail": false,
              "pending": false,
              "context": null,
              "code": "cy.get('.color').first().should('have.css', 'background-color', BLACK);",
              "err": {},
              "uuid": "e1c5f8ac-1c0f-4158-b927-4aa1e1153939",
              "parentUUID": "8e0f53c6-922c-4108-94a0-cd01de6a771a",
              "isHook": false,
              "skipped": false
            },
            {
              "title": "Verifica se as demais cores podem ser escolhidas livremente.",
              "fullTitle": "3 - Adicione a cor **preta** como a primeira cor da paleta de cores. Verifica se as demais cores podem ser escolhidas livremente.",
              "timedOut": null,
              "duration": 173,
              "state": "passed",
              "speed": "slow",
              "pass": true,
              "fail": false,
              "pending": false,
              "context": null,
              "code": "cy.get('.color').eq(1).should('not.have.css', 'background-color', BLACK);\ncy.get('.color').eq(1).should('not.have.css', 'background-color', WHITE);\ncy.get('.color').eq(1).should('not.have.css', 'background-color', 'rgba(0, 0, 0, 0)');\ncy.get('.color').eq(1).should('have.css', 'background-color');\ncy.get('.color').eq(2).should('not.have.css', 'background-color', BLACK);\ncy.get('.color').eq(2).should('not.have.css', 'background-color', WHITE);\ncy.get('.color').eq(2).should('not.have.css', 'background-color', 'rgba(0, 0, 0, 0)');\ncy.get('.color').eq(2).should('have.css', 'background-color');\ncy.get('.color').eq(3).should('not.have.css', 'background-color', BLACK);\ncy.get('.color').eq(3).should('not.have.css', 'background-color', WHITE);\ncy.get('.color').eq(3).should('not.have.css', 'background-color', 'rgba(0, 0, 0, 0)');\ncy.get('.color').eq(3).should('have.css', 'background-color');",
              "err": {},
              "uuid": "26c3e6a7-c0fa-4c5f-9b29-1e681fdea5bc",
              "parentUUID": "8e0f53c6-922c-4108-94a0-cd01de6a771a",
              "isHook": false,
              "skipped": false
            }
          ],
          "suites": [],
          "passes": [
            "e1c5f8ac-1c0f-4158-b927-4aa1e1153939",
            "26c3e6a7-c0fa-4c5f-9b29-1e681fdea5bc"
          ],
          "failures": [],
          "pending": [],
          "skipped": [],
          "duration": 300,
          "root": false,
          "rootEmpty": false,
          "_timeout": 2000
        },
        {
          "uuid": "e98e8024-231b-48de-a2e7-d7c601e0cfd4",
          "title": "4 - Adicione à página um quadro de pixels, com 25 pixels.",
          "fullFile": "",
          "file": "",
          "beforeHooks": [],
          "afterHooks": [],
          "tests": [
            {
              "title": "Verifica se o quadro de pixels possui o `id` denominado `pixel-board`",
              "fullTitle": "4 - Adicione à página um quadro de pixels, com 25 pixels. Verifica se o quadro de pixels possui o `id` denominado `pixel-board`",
              "timedOut": null,
              "duration": 113,
              "state": "passed",
              "speed": "slow",
              "pass": true,
              "fail": false,
              "pending": false,
              "context": null,
              "code": "cy.get('#pixel-board').should('be.visible');",
              "err": {},
              "uuid": "9a12e8d3-7e8b-4609-97ca-28ddd5748b4f",
              "parentUUID": "e98e8024-231b-48de-a2e7-d7c601e0cfd4",
              "isHook": false,
              "skipped": false
            },
            {
              "title": "Verifica se cada pixel individual dentro do quadro possui a `classe` denominada `pixel`.",
              "fullTitle": "4 - Adicione à página um quadro de pixels, com 25 pixels. Verifica se cada pixel individual dentro do quadro possui a `classe` denominada `pixel`.",
              "timedOut": null,
              "duration": 113,
              "state": "passed",
              "speed": "slow",
              "pass": true,
              "fail": false,
              "pending": false,
              "context": null,
              "code": "cy.get('.pixel').should('have.length', 25);",
              "err": {},
              "uuid": "bc828b92-3d51-4c66-a3d0-769a2014f6dd",
              "parentUUID": "e98e8024-231b-48de-a2e7-d7c601e0cfd4",
              "isHook": false,
              "skipped": false
            },
            {
              "title": "Verifica se a cor inicial dos pixels dentro do quadro, ao abrir a página, é branca.",
              "fullTitle": "4 - Adicione à página um quadro de pixels, com 25 pixels. Verifica se a cor inicial dos pixels dentro do quadro, ao abrir a página, é branca.",
              "timedOut": null,
              "duration": 158,
              "state": "passed",
              "speed": "slow",
              "pass": true,
              "fail": false,
              "pending": false,
              "context": null,
              "code": "cy.get('.pixel').should('have.length', 25).each(function (pixel) {\n  expect(pixel).to.have.css('background-color', WHITE);\n});",
              "err": {},
              "uuid": "ce585555-1382-4942-bc6a-b8ebd0c23a96",
              "parentUUID": "e98e8024-231b-48de-a2e7-d7c601e0cfd4",
              "isHook": false,
              "skipped": false
            },
            {
              "title": "Verifica se o quadro de pixels aparece abaixo da paleta de cores",
              "fullTitle": "4 - Adicione à página um quadro de pixels, com 25 pixels. Verifica se o quadro de pixels aparece abaixo da paleta de cores",
              "timedOut": null,
              "duration": 92,
              "state": "passed",
              "speed": "slow",
              "pass": true,
              "fail": false,
              "pending": false,
              "context": null,
              "code": "cy.get('#color-palette').then(function (palette) {\n  cy.get('#pixel-board').should('be.belowOf', palette);\n});",
              "err": {},
              "uuid": "8918ef5f-c10e-4be3-b968-b2d3d5dd6242",
              "parentUUID": "e98e8024-231b-48de-a2e7-d7c601e0cfd4",
              "isHook": false,
              "skipped": false
            }
          ],
          "suites": [],
          "passes": [
            "9a12e8d3-7e8b-4609-97ca-28ddd5748b4f",
            "bc828b92-3d51-4c66-a3d0-769a2014f6dd",
            "ce585555-1382-4942-bc6a-b8ebd0c23a96",
            "8918ef5f-c10e-4be3-b968-b2d3d5dd6242"
          ],
          "failures": [],
          "pending": [],
          "skipped": [],
          "duration": 476,
          "root": false,
          "rootEmpty": false,
          "_timeout": 2000
        },
        {
          "uuid": "012a201e-5054-4065-92e2-9717a44d92e3",
          "title": "5 - Faça com que cada elemento do quadro de pixels possua 40 pixels de largura, 40 pixels de altura e seja delimitado por uma borda preta de 1 pixel.",
          "fullFile": "",
          "file": "",
          "beforeHooks": [],
          "afterHooks": [],
          "tests": [
            {
              "title": "Verifica se o quadro de pixels tem altura e comprimento de 5 elementos",
              "fullTitle": "5 - Faça com que cada elemento do quadro de pixels possua 40 pixels de largura, 40 pixels de altura e seja delimitado por uma borda preta de 1 pixel. Verifica se o quadro de pixels tem altura e comprimento de 5 elementos",
              "timedOut": null,
              "duration": 263,
              "state": "passed",
              "speed": "slow",
              "pass": true,
              "fail": false,
              "pending": false,
              "context": null,
              "code": "cy.get('.pixel').should('have.length', 25).each(function (pixel) {\n  expect(pixel).to.have.css('background-color', WHITE);\n}).and(function (pixels) {\n  var rows = chunk(pixels, 5);\n  rows.forEach(function (row) {\n    for (var index = 1; index < row.length; index += 1) {\n      var current = pixels[index];\n      var previous = pixels[index - 1];\n      cy.wrap(current).should('be.onTheRightOf', previous).and('be.horizontallyAlignedWith', previous);\n    }\n  });\n  for (var index = 1; index < 5; index += 1) {\n    expect(pixels[index * 5]).to.be.belowOf(pixels[(index - 1) * 5]);\n  }\n});",
              "err": {},
              "uuid": "0b3d9610-aaaf-4286-aa3f-e7383bff7bc3",
              "parentUUID": "012a201e-5054-4065-92e2-9717a44d92e3",
              "isHook": false,
              "skipped": false
            },
            {
              "title": "Verifica se 40 pixels é o tamanho total do elemento, incluindo seu conteúdo e excluindo a borda preta, que deve ser criada à parte.",
              "fullTitle": "5 - Faça com que cada elemento do quadro de pixels possua 40 pixels de largura, 40 pixels de altura e seja delimitado por uma borda preta de 1 pixel. Verifica se 40 pixels é o tamanho total do elemento, incluindo seu conteúdo e excluindo a borda preta, que deve ser criada à parte.",
              "timedOut": null,
              "duration": 216,
              "state": "passed",
              "speed": "slow",
              "pass": true,
              "fail": false,
              "pending": false,
              "context": null,
              "code": "cy.get('.pixel').each(function (pixel) {\n  cy.wrap(pixel).should('have.css', 'height', '40px').and('have.css', 'width', '40px').and('have.css', 'border', \"1px solid \".concat(BLACK));\n});",
              "err": {},
              "uuid": "7b8e23cf-8585-4e72-8acb-edd17d7776f5",
              "parentUUID": "012a201e-5054-4065-92e2-9717a44d92e3",
              "isHook": false,
              "skipped": false
            }
          ],
          "suites": [],
          "passes": [
            "0b3d9610-aaaf-4286-aa3f-e7383bff7bc3",
            "7b8e23cf-8585-4e72-8acb-edd17d7776f5"
          ],
          "failures": [],
          "pending": [],
          "skipped": [],
          "duration": 479,
          "root": false,
          "rootEmpty": false,
          "_timeout": 2000
        },
        {
          "uuid": "00ab669b-33e5-4299-9350-32c8d849ca87",
          "title": "6 - Defina a cor preta como cor inicial. Ao carregar a página a cor preta já deve estar selecionada para pintar os pixels",
          "fullFile": "",
          "file": "",
          "beforeHooks": [],
          "afterHooks": [],
          "tests": [
            {
              "title": "Verifica se o elemento da cor preta possui, inicialmente, a `classe` `selected`",
              "fullTitle": "6 - Defina a cor preta como cor inicial. Ao carregar a página a cor preta já deve estar selecionada para pintar os pixels Verifica se o elemento da cor preta possui, inicialmente, a `classe` `selected`",
              "timedOut": null,
              "duration": 91,
              "state": "passed",
              "speed": "slow",
              "pass": true,
              "fail": false,
              "pending": false,
              "context": null,
              "code": "cy.get('.selected').first().should('have.css', 'background-color', BLACK);",
              "err": {},
              "uuid": "e27619b3-8614-4fab-bcf8-406f686b0580",
              "parentUUID": "00ab669b-33e5-4299-9350-32c8d849ca87",
              "isHook": false,
              "skipped": false
            },
            {
              "title": "Verifica se nenhuma outra cor da paleta tem a `classe` `selected`",
              "fullTitle": "6 - Defina a cor preta como cor inicial. Ao carregar a página a cor preta já deve estar selecionada para pintar os pixels Verifica se nenhuma outra cor da paleta tem a `classe` `selected`",
              "timedOut": null,
              "duration": 121,
              "state": "passed",
              "speed": "slow",
              "pass": true,
              "fail": false,
              "pending": false,
              "context": null,
              "code": "cy.get('.color:not(:first-child)').each(function (color) {\n  cy.wrap(color).should('not.have.class', 'selected');\n});",
              "err": {},
              "uuid": "c19f1530-d7aa-4d7e-97aa-cee0d73e80fd",
              "parentUUID": "00ab669b-33e5-4299-9350-32c8d849ca87",
              "isHook": false,
              "skipped": false
            }
          ],
          "suites": [],
          "passes": [
            "e27619b3-8614-4fab-bcf8-406f686b0580",
            "c19f1530-d7aa-4d7e-97aa-cee0d73e80fd"
          ],
          "failures": [],
          "pending": [],
          "skipped": [],
          "duration": 212,
          "root": false,
          "rootEmpty": false,
          "_timeout": 2000
        },
        {
          "uuid": "61222f19-835c-4c91-b942-3ba8a03cec01",
          "title": "7 - Clicar em uma das cores da paleta, faz com que ela seja selecionada e utilizada para preencher os pixels no quadro.",
          "fullFile": "",
          "file": "",
          "beforeHooks": [],
          "afterHooks": [],
          "tests": [
            {
              "title": "Verifica se somente uma cor da paleta de cores tem a classe `selected` de cada vez",
              "fullTitle": "7 - Clicar em uma das cores da paleta, faz com que ela seja selecionada e utilizada para preencher os pixels no quadro. Verifica se somente uma cor da paleta de cores tem a classe `selected` de cada vez",
              "timedOut": null,
              "duration": 487,
              "state": "passed",
              "speed": "slow",
              "pass": true,
              "fail": false,
              "pending": false,
              "context": null,
              "code": "cy.get('.color').each(function (selectedColor, selectedColorIndex) {\n  cy.wrap(selectedColor).click();\n  cy.get('.color').each(function (color, colorIndex) {\n    if (colorIndex === selectedColorIndex) {\n      expect(color).to.have[\"class\"]('selected');\n    } else {\n      expect(color).not.to.have[\"class\"]('selected');\n    }\n  });\n});",
              "err": {},
              "uuid": "ee5a21db-f912-4c8d-a95e-d905acdc2731",
              "parentUUID": "61222f19-835c-4c91-b942-3ba8a03cec01",
              "isHook": false,
              "skipped": false
            },
            {
              "title": "Verifica se os pixels dentro do quadro não têm a classe `selected` quando são clicados",
              "fullTitle": "7 - Clicar em uma das cores da paleta, faz com que ela seja selecionada e utilizada para preencher os pixels no quadro. Verifica se os pixels dentro do quadro não têm a classe `selected` quando são clicados",
              "timedOut": null,
              "duration": 9178,
              "state": "passed",
              "speed": "slow",
              "pass": true,
              "fail": false,
              "pending": false,
              "context": null,
              "code": "cy.get('.color').each(function (color) {\n  var backgroundColor = color.css('background-color');\n  cy.wrap(color).click();\n  cy.get('.pixel').each(function (pixel) {\n    cy.wrap(pixel).click().should('not.have.class', 'selected');\n  });\n});",
              "err": {},
              "uuid": "50590f22-7e09-4684-bc72-f92ba25f53b4",
              "parentUUID": "61222f19-835c-4c91-b942-3ba8a03cec01",
              "isHook": false,
              "skipped": false
            }
          ],
          "suites": [],
          "passes": [
            "ee5a21db-f912-4c8d-a95e-d905acdc2731",
            "50590f22-7e09-4684-bc72-f92ba25f53b4"
          ],
          "failures": [],
          "pending": [],
          "skipped": [],
          "duration": 9665,
          "root": false,
          "rootEmpty": false,
          "_timeout": 2000
        },
        {
          "uuid": "e7def735-528c-4acc-91b8-df45fa68cf9a",
          "title": "8 - Clicar em um pixel dentro do quadro após selecionar uma cor na paleta, faz com que o pixel seja preenchido com a cor selecionada.",
          "fullFile": "",
          "file": "",
          "beforeHooks": [],
          "afterHooks": [],
          "tests": [
            {
              "title": "Verifica se ao carregar a página deve ser possível pintar os pixels de preto",
              "fullTitle": "8 - Clicar em um pixel dentro do quadro após selecionar uma cor na paleta, faz com que o pixel seja preenchido com a cor selecionada. Verifica se ao carregar a página deve ser possível pintar os pixels de preto",
              "timedOut": null,
              "duration": 2322,
              "state": "passed",
              "speed": "slow",
              "pass": true,
              "fail": false,
              "pending": false,
              "context": null,
              "code": "cy.get('.pixel').each(function (pixel) {\n  cy.wrap(pixel).click().should('have.css', 'background-color', BLACK);\n});",
              "err": {},
              "uuid": "f81b3677-e0b4-4b48-b258-73b277f0d423",
              "parentUUID": "e7def735-528c-4acc-91b8-df45fa68cf9a",
              "isHook": false,
              "skipped": false
            },
            {
              "title": "Verifica se após selecionar uma outra cor na paleta, é possível pintar os pixels com essa cor",
              "fullTitle": "8 - Clicar em um pixel dentro do quadro após selecionar uma cor na paleta, faz com que o pixel seja preenchido com a cor selecionada. Verifica se após selecionar uma outra cor na paleta, é possível pintar os pixels com essa cor",
              "timedOut": null,
              "duration": 9159,
              "state": "passed",
              "speed": "slow",
              "pass": true,
              "fail": false,
              "pending": false,
              "context": null,
              "code": "cy.get('.color').each(function (color) {\n  var backgroundColor = color.css('background-color');\n  cy.wrap(color).click();\n  cy.get('.pixel').each(function (pixel) {\n    cy.wrap(pixel).click().should('have.css', 'background-color', backgroundColor);\n  });\n});",
              "err": {},
              "uuid": "5ad3b5e0-327a-46d2-9697-11b97a4d4194",
              "parentUUID": "e7def735-528c-4acc-91b8-df45fa68cf9a",
              "isHook": false,
              "skipped": false
            },
            {
              "title": "Verifica se somente o pixel que foi clicado foi preenchido com a cor selecionada, sem influenciar na cor dos demais pixels.",
              "fullTitle": "8 - Clicar em um pixel dentro do quadro após selecionar uma cor na paleta, faz com que o pixel seja preenchido com a cor selecionada. Verifica se somente o pixel que foi clicado foi preenchido com a cor selecionada, sem influenciar na cor dos demais pixels.",
              "timedOut": null,
              "duration": 1412,
              "state": "passed",
              "speed": "slow",
              "pass": true,
              "fail": false,
              "pending": false,
              "context": null,
              "code": "var colorToPixelIndexMap = {\n  0: 6,\n  1: 8,\n  2: 16,\n  3: 18\n};\ncy.get('.color').each(function (color, index) {\n  cy.wrap(color).click();\n  var backgroundColor = color.css('background-color');\n  var clickedPixelIndex = colorToPixelIndexMap[index];\n  cy.get('.pixel').eq(clickedPixelIndex).click();\n  cy.get('.pixel').eq(clickedPixelIndex - 1).should('not.have.css', 'background-color', backgroundColor);\n  cy.get('.pixel').eq(clickedPixelIndex + 1).should('not.have.css', 'background-color', backgroundColor);\n  cy.get('.pixel').eq(clickedPixelIndex - 5).should('not.have.css', 'background-color', backgroundColor);\n  cy.get('.pixel').eq(clickedPixelIndex + 5).should('not.have.css', 'background-color', backgroundColor);\n  cy.get('.pixel').eq(clickedPixelIndex - 6).should('not.have.css', 'background-color', backgroundColor);\n  cy.get('.pixel').eq(clickedPixelIndex - 4).should('not.have.css', 'background-color', backgroundColor);\n  cy.get('.pixel').eq(clickedPixelIndex + 4).should('not.have.css', 'background-color', backgroundColor);\n  cy.get('.pixel').eq(clickedPixelIndex + 6).should('not.have.css', 'background-color', backgroundColor);\n});",
              "err": {},
              "uuid": "0509bb20-345f-44c7-89f5-ec9c7a1bacd5",
              "parentUUID": "e7def735-528c-4acc-91b8-df45fa68cf9a",
              "isHook": false,
              "skipped": false
            }
          ],
          "suites": [],
          "passes": [
            "f81b3677-e0b4-4b48-b258-73b277f0d423",
            "5ad3b5e0-327a-46d2-9697-11b97a4d4194",
            "0509bb20-345f-44c7-89f5-ec9c7a1bacd5"
          ],
          "failures": [],
          "pending": [],
          "skipped": [],
          "duration": 12893,
          "root": false,
          "rootEmpty": false,
          "_timeout": 2000
        },
        {
          "uuid": "e75f09bd-3df2-49b4-9b9e-0def71ec8bed",
          "title": "9 - Crie um botão que, ao ser clicado, limpa o quadro preenchendo a cor de todos seus pixels com branco.",
          "fullFile": "",
          "file": "",
          "beforeHooks": [],
          "afterHooks": [],
          "tests": [
            {
              "title": "Verifica se o botão tem o `id` denominado `clear-board`",
              "fullTitle": "9 - Crie um botão que, ao ser clicado, limpa o quadro preenchendo a cor de todos seus pixels com branco. Verifica se o botão tem o `id` denominado `clear-board`",
              "timedOut": null,
              "duration": 155,
              "state": "passed",
              "speed": "slow",
              "pass": true,
              "fail": false,
              "pending": false,
              "context": null,
              "code": "cy.get('#clear-board').should('be.visible');",
              "err": {},
              "uuid": "64a6ec6b-a2a0-4060-a60d-4ebfbf86fa2a",
              "parentUUID": "e75f09bd-3df2-49b4-9b9e-0def71ec8bed",
              "isHook": false,
              "skipped": false
            },
            {
              "title": "Verifica se o botão está posicionado entre a paleta de cores e o quadro de pixels",
              "fullTitle": "9 - Crie um botão que, ao ser clicado, limpa o quadro preenchendo a cor de todos seus pixels com branco. Verifica se o botão está posicionado entre a paleta de cores e o quadro de pixels",
              "timedOut": null,
              "duration": 80,
              "state": "passed",
              "speed": "slow",
              "pass": true,
              "fail": false,
              "pending": false,
              "context": null,
              "code": "cy.get('#color-palette').then(function (palette) {\n  cy.get('#clear-board').should('be.belowOf', palette);\n});\ncy.get('#clear-board').then(function (clearBtn) {\n  cy.get('#pixel-board').should('be.belowOf', clearBtn);\n});",
              "err": {},
              "uuid": "b4e2ef4d-7bca-4cc5-a65f-543e876256d8",
              "parentUUID": "e75f09bd-3df2-49b4-9b9e-0def71ec8bed",
              "isHook": false,
              "skipped": false
            },
            {
              "title": "Verifica se o texto do botão é 'Limpar'",
              "fullTitle": "9 - Crie um botão que, ao ser clicado, limpa o quadro preenchendo a cor de todos seus pixels com branco. Verifica se o texto do botão é 'Limpar'",
              "timedOut": null,
              "duration": 68,
              "state": "passed",
              "speed": "medium",
              "pass": true,
              "fail": false,
              "pending": false,
              "context": null,
              "code": "cy.get('#clear-board').should('contain.text', 'Limpar');",
              "err": {},
              "uuid": "56c9f6ec-a915-48b4-937b-ebbefb785025",
              "parentUUID": "e75f09bd-3df2-49b4-9b9e-0def71ec8bed",
              "isHook": false,
              "skipped": false
            },
            {
              "title": "Verifica se ao clicar no botão, o quadro de pixels é totalmente preenchido de branco",
              "fullTitle": "9 - Crie um botão que, ao ser clicado, limpa o quadro preenchendo a cor de todos seus pixels com branco. Verifica se ao clicar no botão, o quadro de pixels é totalmente preenchido de branco",
              "timedOut": null,
              "duration": 6594,
              "state": "failed",
              "speed": null,
              "pass": false,
              "fail": true,
              "pending": false,
              "context": null,
              "code": "cy.get('.color').eq(1).then(function (color) {\n  var backgroundColor = color.css('background-color');\n  cy.wrap(color).click();\n  cy.get('.pixel').each(function (pixel) {\n    cy.wrap(pixel).click().should('have.css', 'background-color', backgroundColor);\n  });\n});\ncy.get('#clear-board').click();\ncy.get('.pixel').each(function (pixel) {\n  cy.wrap(pixel).should('have.css', 'background-color', WHITE);\n});",
              "err": {
                "message": "CypressError: Timed out retrying: expected '<div.pixel>' to have CSS property 'background-color' with the value 'rgb(255, 255, 255)', but the value was 'rgb(0, 0, 255)'",
                "estack": "CypressError: Timed out retrying: expected '<div.pixel>' to have CSS property 'background-color' with the value 'rgb(255, 255, 255)', but the value was 'rgb(0, 0, 255)'\n    at cypressErr (http://localhost:32939/__cypress/runner/cypress_runner.js:149934:9)\n    at throwErr (http://localhost:32939/__cypress/runner/cypress_runner.js:149867:11)\n    at Object.throwErrByPath (http://localhost:32939/__cypress/runner/cypress_runner.js:149915:3)\n    at retry (http://localhost:32939/__cypress/runner/cypress_runner.js:144197:19)\n    at onFailFn (http://localhost:32939/__cypress/runner/cypress_runner.js:132448:16)\n    at tryCatcher (http://localhost:32939/__cypress/runner/cypress_runner.js:167415:23)\n    at Promise._settlePromiseFromHandler (http://localhost:32939/__cypress/runner/cypress_runner.js:165351:31)\n    at Promise._settlePromise (http://localhost:32939/__cypress/runner/cypress_runner.js:165408:18)\n    at Promise._settlePromise0 (http://localhost:32939/__cypress/runner/cypress_runner.js:165453:10)\n    at Promise._settlePromises (http://localhost:32939/__cypress/runner/cypress_runner.js:165528:18)\n    at Async../node_modules/bluebird/js/release/async.js.Async._drainQueue (http://localhost:32939/__cypress/runner/cypress_runner.js:162140:16)\n    at Async../node_modules/bluebird/js/release/async.js.Async._drainQueues (http://localhost:32939/__cypress/runner/cypress_runner.js:162150:10)\n    at Async.drainQueues (http://localhost:32939/__cypress/runner/cypress_runner.js:162024:14)",
                "diff": null
              },
              "uuid": "b0519439-e162-4047-bbef-61e2f2f16e9d",
              "parentUUID": "e75f09bd-3df2-49b4-9b9e-0def71ec8bed",
              "isHook": false,
              "skipped": false
            }
          ],
          "suites": [],
          "passes": [
            "64a6ec6b-a2a0-4060-a60d-4ebfbf86fa2a",
            "b4e2ef4d-7bca-4cc5-a65f-543e876256d8",
            "56c9f6ec-a915-48b4-937b-ebbefb785025"
          ],
          "failures": [
            "b0519439-e162-4047-bbef-61e2f2f16e9d"
          ],
          "pending": [],
          "skipped": [],
          "duration": 6897,
          "root": false,
          "rootEmpty": false,
          "_timeout": 2000
        },
        {
          "uuid": "1bf66fcb-28fc-4089-8fd2-06ae67e8e4e9",
          "title": "10 - Faça o quadro de pixels ter seu tamanho definido pelo usuário.",
          "fullFile": "",
          "file": "",
          "beforeHooks": [],
          "afterHooks": [],
          "tests": [
            {
              "title": "Verifica se existe um input com o id `board-size`",
              "fullTitle": "10 - Faça o quadro de pixels ter seu tamanho definido pelo usuário. Verifica se existe um input com o id `board-size`",
              "timedOut": null,
              "duration": 4274,
              "state": "failed",
              "speed": null,
              "pass": false,
              "fail": true,
              "pending": false,
              "context": null,
              "code": "cy.get('#board-size').should('be.visible');",
              "err": {
                "message": "CypressError: Timed out retrying: Expected to find element: '#board-size', but never found it.",
                "estack": "CypressError: Timed out retrying: Expected to find element: '#board-size', but never found it.\n    at cypressErr (http://localhost:32939/__cypress/runner/cypress_runner.js:149934:9)\n    at throwErr (http://localhost:32939/__cypress/runner/cypress_runner.js:149867:11)\n    at Object.throwErrByPath (http://localhost:32939/__cypress/runner/cypress_runner.js:149915:3)\n    at retry (http://localhost:32939/__cypress/runner/cypress_runner.js:144197:19)\n    at onFailFn (http://localhost:32939/__cypress/runner/cypress_runner.js:132448:16)\n    at tryCatcher (http://localhost:32939/__cypress/runner/cypress_runner.js:167415:23)\n    at Promise._settlePromiseFromHandler (http://localhost:32939/__cypress/runner/cypress_runner.js:165351:31)\n    at Promise._settlePromise (http://localhost:32939/__cypress/runner/cypress_runner.js:165408:18)\n    at Promise._settlePromise0 (http://localhost:32939/__cypress/runner/cypress_runner.js:165453:10)\n    at Promise._settlePromises (http://localhost:32939/__cypress/runner/cypress_runner.js:165528:18)\n    at Async../node_modules/bluebird/js/release/async.js.Async._drainQueue (http://localhost:32939/__cypress/runner/cypress_runner.js:162140:16)\n    at Async../node_modules/bluebird/js/release/async.js.Async._drainQueues (http://localhost:32939/__cypress/runner/cypress_runner.js:162150:10)\n    at Async.drainQueues (http://localhost:32939/__cypress/runner/cypress_runner.js:162024:14)",
                "diff": null
              },
              "uuid": "7e8baf60-40ca-4382-9119-93d7e00ea607",
              "parentUUID": "1bf66fcb-28fc-4089-8fd2-06ae67e8e4e9",
              "isHook": false,
              "skipped": false
            },
            {
              "title": "Verifica se existe um botão com o id `generate-board`",
              "fullTitle": "10 - Faça o quadro de pixels ter seu tamanho definido pelo usuário. Verifica se existe um botão com o id `generate-board`",
              "timedOut": null,
              "duration": 4230,
              "state": "failed",
              "speed": null,
              "pass": false,
              "fail": true,
              "pending": false,
              "context": null,
              "code": "cy.get('#generate-board').should('be.visible');",
              "err": {
                "message": "CypressError: Timed out retrying: Expected to find element: '#generate-board', but never found it.",
                "estack": "CypressError: Timed out retrying: Expected to find element: '#generate-board', but never found it.\n    at cypressErr (http://localhost:32939/__cypress/runner/cypress_runner.js:149934:9)\n    at throwErr (http://localhost:32939/__cypress/runner/cypress_runner.js:149867:11)\n    at Object.throwErrByPath (http://localhost:32939/__cypress/runner/cypress_runner.js:149915:3)\n    at retry (http://localhost:32939/__cypress/runner/cypress_runner.js:144197:19)\n    at onFailFn (http://localhost:32939/__cypress/runner/cypress_runner.js:132448:16)\n    at tryCatcher (http://localhost:32939/__cypress/runner/cypress_runner.js:167415:23)\n    at Promise._settlePromiseFromHandler (http://localhost:32939/__cypress/runner/cypress_runner.js:165351:31)\n    at Promise._settlePromise (http://localhost:32939/__cypress/runner/cypress_runner.js:165408:18)\n    at Promise._settlePromise0 (http://localhost:32939/__cypress/runner/cypress_runner.js:165453:10)\n    at Promise._settlePromises (http://localhost:32939/__cypress/runner/cypress_runner.js:165528:18)\n    at Async../node_modules/bluebird/js/release/async.js.Async._drainQueue (http://localhost:32939/__cypress/runner/cypress_runner.js:162140:16)\n    at Async../node_modules/bluebird/js/release/async.js.Async._drainQueues (http://localhost:32939/__cypress/runner/cypress_runner.js:162150:10)\n    at Async.drainQueues (http://localhost:32939/__cypress/runner/cypress_runner.js:162024:14)",
                "diff": null
              },
              "uuid": "476cf62d-4985-4572-9da4-a18fc0b9edb6",
              "parentUUID": "1bf66fcb-28fc-4089-8fd2-06ae67e8e4e9",
              "isHook": false,
              "skipped": false
            },
            {
              "title": "Verifica se o input só aceita número maiores que zero. Essa restrição deve ser feita usando os atributos do elemento `input`",
              "fullTitle": "10 - Faça o quadro de pixels ter seu tamanho definido pelo usuário. Verifica se o input só aceita número maiores que zero. Essa restrição deve ser feita usando os atributos do elemento `input`",
              "timedOut": null,
              "duration": 4312,
              "state": "failed",
              "speed": null,
              "pass": false,
              "fail": true,
              "pending": false,
              "context": null,
              "code": "cy.get('#board-size[type=\\'number\\'][min=\\'1\\']');",
              "err": {
                "message": "CypressError: Timed out retrying: Expected to find element: '#board-size[type='number'][min='1']', but never found it.",
                "estack": "CypressError: Timed out retrying: Expected to find element: '#board-size[type='number'][min='1']', but never found it.\n    at cypressErr (http://localhost:32939/__cypress/runner/cypress_runner.js:149934:9)\n    at throwErr (http://localhost:32939/__cypress/runner/cypress_runner.js:149867:11)\n    at Object.throwErrByPath (http://localhost:32939/__cypress/runner/cypress_runner.js:149915:3)\n    at retry (http://localhost:32939/__cypress/runner/cypress_runner.js:144197:19)\n    at onFailFn (http://localhost:32939/__cypress/runner/cypress_runner.js:132448:16)\n    at tryCatcher (http://localhost:32939/__cypress/runner/cypress_runner.js:167415:23)\n    at Promise._settlePromiseFromHandler (http://localhost:32939/__cypress/runner/cypress_runner.js:165351:31)\n    at Promise._settlePromise (http://localhost:32939/__cypress/runner/cypress_runner.js:165408:18)\n    at Promise._settlePromise0 (http://localhost:32939/__cypress/runner/cypress_runner.js:165453:10)\n    at Promise._settlePromises (http://localhost:32939/__cypress/runner/cypress_runner.js:165528:18)\n    at Async../node_modules/bluebird/js/release/async.js.Async._drainQueue (http://localhost:32939/__cypress/runner/cypress_runner.js:162140:16)\n    at Async../node_modules/bluebird/js/release/async.js.Async._drainQueues (http://localhost:32939/__cypress/runner/cypress_runner.js:162150:10)\n    at Async.drainQueues (http://localhost:32939/__cypress/runner/cypress_runner.js:162024:14)",
                "diff": null
              },
              "uuid": "4a2f70a5-e46c-451c-9dc4-7b90a40bf1f6",
              "parentUUID": "1bf66fcb-28fc-4089-8fd2-06ae67e8e4e9",
              "isHook": false,
              "skipped": false
            },
            {
              "title": "Verifica se o botão contém o texto 'VQV'",
              "fullTitle": "10 - Faça o quadro de pixels ter seu tamanho definido pelo usuário. Verifica se o botão contém o texto 'VQV'",
              "timedOut": null,
              "duration": 4283,
              "state": "failed",
              "speed": null,
              "pass": false,
              "fail": true,
              "pending": false,
              "context": null,
              "code": "cy.get('#generate-board').contains(/vqv/i);",
              "err": {
                "message": "CypressError: Timed out retrying: Expected to find element: '#generate-board', but never found it.",
                "estack": "CypressError: Timed out retrying: Expected to find element: '#generate-board', but never found it.\n    at cypressErr (http://localhost:32939/__cypress/runner/cypress_runner.js:149934:9)\n    at throwErr (http://localhost:32939/__cypress/runner/cypress_runner.js:149867:11)\n    at Object.throwErrByPath (http://localhost:32939/__cypress/runner/cypress_runner.js:149915:3)\n    at retry (http://localhost:32939/__cypress/runner/cypress_runner.js:144197:19)\n    at onFailFn (http://localhost:32939/__cypress/runner/cypress_runner.js:132448:16)\n    at tryCatcher (http://localhost:32939/__cypress/runner/cypress_runner.js:167415:23)\n    at Promise._settlePromiseFromHandler (http://localhost:32939/__cypress/runner/cypress_runner.js:165351:31)\n    at Promise._settlePromise (http://localhost:32939/__cypress/runner/cypress_runner.js:165408:18)\n    at Promise._settlePromise0 (http://localhost:32939/__cypress/runner/cypress_runner.js:165453:10)\n    at Promise._settlePromises (http://localhost:32939/__cypress/runner/cypress_runner.js:165528:18)\n    at Async../node_modules/bluebird/js/release/async.js.Async._drainQueue (http://localhost:32939/__cypress/runner/cypress_runner.js:162140:16)\n    at Async../node_modules/bluebird/js/release/async.js.Async._drainQueues (http://localhost:32939/__cypress/runner/cypress_runner.js:162150:10)\n    at Async.drainQueues (http://localhost:32939/__cypress/runner/cypress_runner.js:162024:14)",
                "diff": null
              },
              "uuid": "35aff20d-4259-4a2e-9e51-e13d9aad8696",
              "parentUUID": "1bf66fcb-28fc-4089-8fd2-06ae67e8e4e9",
              "isHook": false,
              "skipped": false
            },
            {
              "title": "Verifica se o input está posicionado entre a paleta de cores e o quadro de pixels",
              "fullTitle": "10 - Faça o quadro de pixels ter seu tamanho definido pelo usuário. Verifica se o input está posicionado entre a paleta de cores e o quadro de pixels",
              "timedOut": null,
              "duration": 4261,
              "state": "failed",
              "speed": null,
              "pass": false,
              "fail": true,
              "pending": false,
              "context": null,
              "code": "cy.get('#color-palette').then(function (palette) {\n  cy.get('#board-size').should('be.belowOf', palette);\n});\ncy.get('#board-size').then(function (palette) {\n  cy.get('#pixel-board').should('be.belowOf', palette);\n});",
              "err": {
                "message": "CypressError: Timed out retrying: Expected to find element: '#board-size', but never found it.",
                "estack": "CypressError: Timed out retrying: Expected to find element: '#board-size', but never found it.\n    at cypressErr (http://localhost:32939/__cypress/runner/cypress_runner.js:149934:9)\n    at throwErr (http://localhost:32939/__cypress/runner/cypress_runner.js:149867:11)\n    at Object.throwErrByPath (http://localhost:32939/__cypress/runner/cypress_runner.js:149915:3)\n    at retry (http://localhost:32939/__cypress/runner/cypress_runner.js:144197:19)\n    at onFailFn (http://localhost:32939/__cypress/runner/cypress_runner.js:132448:16)\n    at tryCatcher (http://localhost:32939/__cypress/runner/cypress_runner.js:167415:23)\n    at Promise._settlePromiseFromHandler (http://localhost:32939/__cypress/runner/cypress_runner.js:165351:31)\n    at Promise._settlePromise (http://localhost:32939/__cypress/runner/cypress_runner.js:165408:18)\n    at Promise._settlePromise0 (http://localhost:32939/__cypress/runner/cypress_runner.js:165453:10)\n    at Promise._settlePromises (http://localhost:32939/__cypress/runner/cypress_runner.js:165528:18)\n    at Async../node_modules/bluebird/js/release/async.js.Async._drainQueue (http://localhost:32939/__cypress/runner/cypress_runner.js:162140:16)\n    at Async../node_modules/bluebird/js/release/async.js.Async._drainQueues (http://localhost:32939/__cypress/runner/cypress_runner.js:162150:10)\n    at Async.drainQueues (http://localhost:32939/__cypress/runner/cypress_runner.js:162024:14)",
                "diff": null
              },
              "uuid": "1c30737d-9440-4144-bb9a-9512a221fea6",
              "parentUUID": "1bf66fcb-28fc-4089-8fd2-06ae67e8e4e9",
              "isHook": false,
              "skipped": false
            },
            {
              "title": "Verifica se o botão está posicionado ao lado do input",
              "fullTitle": "10 - Faça o quadro de pixels ter seu tamanho definido pelo usuário. Verifica se o botão está posicionado ao lado do input",
              "timedOut": null,
              "duration": 4293,
              "state": "failed",
              "speed": null,
              "pass": false,
              "fail": true,
              "pending": false,
              "context": null,
              "code": "cy.get('#board-size').then(function (board) {\n  cy.get('#generate-board').should('be.onTheRightOf', board);\n});",
              "err": {
                "message": "CypressError: Timed out retrying: Expected to find element: '#board-size', but never found it.",
                "estack": "CypressError: Timed out retrying: Expected to find element: '#board-size', but never found it.\n    at cypressErr (http://localhost:32939/__cypress/runner/cypress_runner.js:149934:9)\n    at throwErr (http://localhost:32939/__cypress/runner/cypress_runner.js:149867:11)\n    at Object.throwErrByPath (http://localhost:32939/__cypress/runner/cypress_runner.js:149915:3)\n    at retry (http://localhost:32939/__cypress/runner/cypress_runner.js:144197:19)\n    at onFailFn (http://localhost:32939/__cypress/runner/cypress_runner.js:132448:16)\n    at tryCatcher (http://localhost:32939/__cypress/runner/cypress_runner.js:167415:23)\n    at Promise._settlePromiseFromHandler (http://localhost:32939/__cypress/runner/cypress_runner.js:165351:31)\n    at Promise._settlePromise (http://localhost:32939/__cypress/runner/cypress_runner.js:165408:18)\n    at Promise._settlePromise0 (http://localhost:32939/__cypress/runner/cypress_runner.js:165453:10)\n    at Promise._settlePromises (http://localhost:32939/__cypress/runner/cypress_runner.js:165528:18)\n    at Async../node_modules/bluebird/js/release/async.js.Async._drainQueue (http://localhost:32939/__cypress/runner/cypress_runner.js:162140:16)\n    at Async../node_modules/bluebird/js/release/async.js.Async._drainQueues (http://localhost:32939/__cypress/runner/cypress_runner.js:162150:10)\n    at Async.drainQueues (http://localhost:32939/__cypress/runner/cypress_runner.js:162024:14)",
                "diff": null
              },
              "uuid": "2bd4d690-d949-4157-891f-bf9efad5f8df",
              "parentUUID": "1bf66fcb-28fc-4089-8fd2-06ae67e8e4e9",
              "isHook": false,
              "skipped": false
            },
            {
              "title": "Verifica se nenhum valor for colocado no input ao clicar no botão, um `alert` é exibido com o texto: 'Board inválido!'",
              "fullTitle": "10 - Faça o quadro de pixels ter seu tamanho definido pelo usuário. Verifica se nenhum valor for colocado no input ao clicar no botão, um `alert` é exibido com o texto: 'Board inválido!'",
              "timedOut": null,
              "duration": 4303,
              "state": "failed",
              "speed": null,
              "pass": false,
              "fail": true,
              "pending": false,
              "context": null,
              "code": "var alerted = false;\ncy.on('window:alert', function (msg) {\n  return alerted = msg;\n});\ncy.get('#generate-board').click().then(function () {\n  return expect(alerted).to.match(/Board inválido!/i);\n});",
              "err": {
                "message": "CypressError: Timed out retrying: Expected to find element: '#generate-board', but never found it.",
                "estack": "CypressError: Timed out retrying: Expected to find element: '#generate-board', but never found it.\n    at cypressErr (http://localhost:32939/__cypress/runner/cypress_runner.js:149934:9)\n    at throwErr (http://localhost:32939/__cypress/runner/cypress_runner.js:149867:11)\n    at Object.throwErrByPath (http://localhost:32939/__cypress/runner/cypress_runner.js:149915:3)\n    at retry (http://localhost:32939/__cypress/runner/cypress_runner.js:144197:19)\n    at onFailFn (http://localhost:32939/__cypress/runner/cypress_runner.js:132448:16)\n    at tryCatcher (http://localhost:32939/__cypress/runner/cypress_runner.js:167415:23)\n    at Promise._settlePromiseFromHandler (http://localhost:32939/__cypress/runner/cypress_runner.js:165351:31)\n    at Promise._settlePromise (http://localhost:32939/__cypress/runner/cypress_runner.js:165408:18)\n    at Promise._settlePromise0 (http://localhost:32939/__cypress/runner/cypress_runner.js:165453:10)\n    at Promise._settlePromises (http://localhost:32939/__cypress/runner/cypress_runner.js:165528:18)\n    at Async../node_modules/bluebird/js/release/async.js.Async._drainQueue (http://localhost:32939/__cypress/runner/cypress_runner.js:162140:16)\n    at Async../node_modules/bluebird/js/release/async.js.Async._drainQueues (http://localhost:32939/__cypress/runner/cypress_runner.js:162150:10)\n    at Async.drainQueues (http://localhost:32939/__cypress/runner/cypress_runner.js:162024:14)",
                "diff": null
              },
              "uuid": "87d34558-3cb5-4776-9aa4-0f16f788efec",
              "parentUUID": "1bf66fcb-28fc-4089-8fd2-06ae67e8e4e9",
              "isHook": false,
              "skipped": false
            },
            {
              "title": "Verifica se ao clicar no botão com um valor preenchido, o tamanho do board muda.",
              "fullTitle": "10 - Faça o quadro de pixels ter seu tamanho definido pelo usuário. Verifica se ao clicar no botão com um valor preenchido, o tamanho do board muda.",
              "timedOut": null,
              "duration": 4259,
              "state": "failed",
              "speed": null,
              "pass": false,
              "fail": true,
              "pending": false,
              "context": null,
              "code": "cy.get('#board-size').clear().type(10);\ncy.get('#generate-board').click();\ncy.get('.pixel').should('have.length', 100);",
              "err": {
                "message": "CypressError: Timed out retrying: Expected to find element: '#board-size', but never found it.",
                "estack": "CypressError: Timed out retrying: Expected to find element: '#board-size', but never found it.\n    at cypressErr (http://localhost:32939/__cypress/runner/cypress_runner.js:149934:9)\n    at throwErr (http://localhost:32939/__cypress/runner/cypress_runner.js:149867:11)\n    at Object.throwErrByPath (http://localhost:32939/__cypress/runner/cypress_runner.js:149915:3)\n    at retry (http://localhost:32939/__cypress/runner/cypress_runner.js:144197:19)\n    at onFailFn (http://localhost:32939/__cypress/runner/cypress_runner.js:132448:16)\n    at tryCatcher (http://localhost:32939/__cypress/runner/cypress_runner.js:167415:23)\n    at Promise._settlePromiseFromHandler (http://localhost:32939/__cypress/runner/cypress_runner.js:165351:31)\n    at Promise._settlePromise (http://localhost:32939/__cypress/runner/cypress_runner.js:165408:18)\n    at Promise._settlePromise0 (http://localhost:32939/__cypress/runner/cypress_runner.js:165453:10)\n    at Promise._settlePromises (http://localhost:32939/__cypress/runner/cypress_runner.js:165528:18)\n    at Async../node_modules/bluebird/js/release/async.js.Async._drainQueue (http://localhost:32939/__cypress/runner/cypress_runner.js:162140:16)\n    at Async../node_modules/bluebird/js/release/async.js.Async._drainQueues (http://localhost:32939/__cypress/runner/cypress_runner.js:162150:10)\n    at Async.drainQueues (http://localhost:32939/__cypress/runner/cypress_runner.js:162024:14)",
                "diff": null
              },
              "uuid": "36399f70-1826-4248-a14b-07b124d3707b",
              "parentUUID": "1bf66fcb-28fc-4089-8fd2-06ae67e8e4e9",
              "isHook": false,
              "skipped": false
            },
            {
              "title": "Verifica se o novo quadro tem todos os pixels preenchidos com a cor branca",
              "fullTitle": "10 - Faça o quadro de pixels ter seu tamanho definido pelo usuário. Verifica se o novo quadro tem todos os pixels preenchidos com a cor branca",
              "timedOut": null,
              "duration": 4307,
              "state": "failed",
              "speed": null,
              "pass": false,
              "fail": true,
              "pending": false,
              "context": null,
              "code": "cy.get('#board-size').clear().type(6);\ncy.get('#generate-board').click();\ncy.get('.pixel').should('have.length', 36).each(function (pixel) {\n  expect(pixel).to.have.css('background-color', WHITE);\n});",
              "err": {
                "message": "CypressError: Timed out retrying: Expected to find element: '#board-size', but never found it.",
                "estack": "CypressError: Timed out retrying: Expected to find element: '#board-size', but never found it.\n    at cypressErr (http://localhost:32939/__cypress/runner/cypress_runner.js:149934:9)\n    at throwErr (http://localhost:32939/__cypress/runner/cypress_runner.js:149867:11)\n    at Object.throwErrByPath (http://localhost:32939/__cypress/runner/cypress_runner.js:149915:3)\n    at retry (http://localhost:32939/__cypress/runner/cypress_runner.js:144197:19)\n    at onFailFn (http://localhost:32939/__cypress/runner/cypress_runner.js:132448:16)\n    at tryCatcher (http://localhost:32939/__cypress/runner/cypress_runner.js:167415:23)\n    at Promise._settlePromiseFromHandler (http://localhost:32939/__cypress/runner/cypress_runner.js:165351:31)\n    at Promise._settlePromise (http://localhost:32939/__cypress/runner/cypress_runner.js:165408:18)\n    at Promise._settlePromise0 (http://localhost:32939/__cypress/runner/cypress_runner.js:165453:10)\n    at Promise._settlePromises (http://localhost:32939/__cypress/runner/cypress_runner.js:165528:18)\n    at Async../node_modules/bluebird/js/release/async.js.Async._drainQueue (http://localhost:32939/__cypress/runner/cypress_runner.js:162140:16)\n    at Async../node_modules/bluebird/js/release/async.js.Async._drainQueues (http://localhost:32939/__cypress/runner/cypress_runner.js:162150:10)\n    at Async.drainQueues (http://localhost:32939/__cypress/runner/cypress_runner.js:162024:14)",
                "diff": null
              },
              "uuid": "b136c320-9010-4047-b5e2-0b063b68e58a",
              "parentUUID": "1bf66fcb-28fc-4089-8fd2-06ae67e8e4e9",
              "isHook": false,
              "skipped": false
            }
          ],
          "suites": [],
          "passes": [],
          "failures": [
            "7e8baf60-40ca-4382-9119-93d7e00ea607",
            "476cf62d-4985-4572-9da4-a18fc0b9edb6",
            "4a2f70a5-e46c-451c-9dc4-7b90a40bf1f6",
            "35aff20d-4259-4a2e-9e51-e13d9aad8696",
            "1c30737d-9440-4144-bb9a-9512a221fea6",
            "2bd4d690-d949-4157-891f-bf9efad5f8df",
            "87d34558-3cb5-4776-9aa4-0f16f788efec",
            "36399f70-1826-4248-a14b-07b124d3707b",
            "b136c320-9010-4047-b5e2-0b063b68e58a"
          ],
          "pending": [],
          "skipped": [],
          "duration": 38522,
          "root": false,
          "rootEmpty": false,
          "_timeout": 2000
        },
        {
          "uuid": "a4212da3-6b89-4cd6-8aeb-fc168eb51ba2",
          "title": "11 - Limite o tamanho mínimo e máximo do board.",
          "fullFile": "",
          "file": "",
          "beforeHooks": [],
          "afterHooks": [],
          "tests": [
            {
              "title": "Verifica se a altura máxima do board é 50",
              "fullTitle": "11 - Limite o tamanho mínimo e máximo do board. Verifica se a altura máxima do board é 50",
              "timedOut": null,
              "duration": 4290,
              "state": "failed",
              "speed": null,
              "pass": false,
              "fail": true,
              "pending": false,
              "context": null,
              "code": "cy.get('#board-size').clear().type(50);\ncy.get('#generate-board').click();\ncy.get('.pixel').should('have.length', 2500);",
              "err": {
                "message": "CypressError: Timed out retrying: Expected to find element: '#board-size', but never found it.",
                "estack": "CypressError: Timed out retrying: Expected to find element: '#board-size', but never found it.\n    at cypressErr (http://localhost:32939/__cypress/runner/cypress_runner.js:149934:9)\n    at throwErr (http://localhost:32939/__cypress/runner/cypress_runner.js:149867:11)\n    at Object.throwErrByPath (http://localhost:32939/__cypress/runner/cypress_runner.js:149915:3)\n    at retry (http://localhost:32939/__cypress/runner/cypress_runner.js:144197:19)\n    at onFailFn (http://localhost:32939/__cypress/runner/cypress_runner.js:132448:16)\n    at tryCatcher (http://localhost:32939/__cypress/runner/cypress_runner.js:167415:23)\n    at Promise._settlePromiseFromHandler (http://localhost:32939/__cypress/runner/cypress_runner.js:165351:31)\n    at Promise._settlePromise (http://localhost:32939/__cypress/runner/cypress_runner.js:165408:18)\n    at Promise._settlePromise0 (http://localhost:32939/__cypress/runner/cypress_runner.js:165453:10)\n    at Promise._settlePromises (http://localhost:32939/__cypress/runner/cypress_runner.js:165528:18)\n    at Async../node_modules/bluebird/js/release/async.js.Async._drainQueue (http://localhost:32939/__cypress/runner/cypress_runner.js:162140:16)\n    at Async../node_modules/bluebird/js/release/async.js.Async._drainQueues (http://localhost:32939/__cypress/runner/cypress_runner.js:162150:10)\n    at Async.drainQueues (http://localhost:32939/__cypress/runner/cypress_runner.js:162024:14)",
                "diff": null
              },
              "uuid": "aa311a0c-d8b8-4bf7-b983-390fdedae79e",
              "parentUUID": "a4212da3-6b89-4cd6-8aeb-fc168eb51ba2",
              "isHook": false,
              "skipped": false
            },
            {
              "title": "Verifica se a altura do board é 5 quando um valor menor é colocado no input",
              "fullTitle": "11 - Limite o tamanho mínimo e máximo do board. Verifica se a altura do board é 5 quando um valor menor é colocado no input",
              "timedOut": null,
              "duration": 4312,
              "state": "failed",
              "speed": null,
              "pass": false,
              "fail": true,
              "pending": false,
              "context": null,
              "code": "cy.get('#board-size').clear().type(4);\ncy.get('#generate-board').click();\ncy.get('.pixel').should('have.length', 25);",
              "err": {
                "message": "CypressError: Timed out retrying: Expected to find element: '#board-size', but never found it.",
                "estack": "CypressError: Timed out retrying: Expected to find element: '#board-size', but never found it.\n    at cypressErr (http://localhost:32939/__cypress/runner/cypress_runner.js:149934:9)\n    at throwErr (http://localhost:32939/__cypress/runner/cypress_runner.js:149867:11)\n    at Object.throwErrByPath (http://localhost:32939/__cypress/runner/cypress_runner.js:149915:3)\n    at retry (http://localhost:32939/__cypress/runner/cypress_runner.js:144197:19)\n    at onFailFn (http://localhost:32939/__cypress/runner/cypress_runner.js:132448:16)\n    at tryCatcher (http://localhost:32939/__cypress/runner/cypress_runner.js:167415:23)\n    at Promise._settlePromiseFromHandler (http://localhost:32939/__cypress/runner/cypress_runner.js:165351:31)\n    at Promise._settlePromise (http://localhost:32939/__cypress/runner/cypress_runner.js:165408:18)\n    at Promise._settlePromise0 (http://localhost:32939/__cypress/runner/cypress_runner.js:165453:10)\n    at Promise._settlePromises (http://localhost:32939/__cypress/runner/cypress_runner.js:165528:18)\n    at Async../node_modules/bluebird/js/release/async.js.Async._drainQueue (http://localhost:32939/__cypress/runner/cypress_runner.js:162140:16)\n    at Async../node_modules/bluebird/js/release/async.js.Async._drainQueues (http://localhost:32939/__cypress/runner/cypress_runner.js:162150:10)\n    at Async.drainQueues (http://localhost:32939/__cypress/runner/cypress_runner.js:162024:14)",
                "diff": null
              },
              "uuid": "293d655b-f356-458b-9bf1-a57505ee4aa2",
              "parentUUID": "a4212da3-6b89-4cd6-8aeb-fc168eb51ba2",
              "isHook": false,
              "skipped": false
            },
            {
              "title": "Verifica se a altura do board é 50 quando um valor maior é colocado no input",
              "fullTitle": "11 - Limite o tamanho mínimo e máximo do board. Verifica se a altura do board é 50 quando um valor maior é colocado no input",
              "timedOut": null,
              "duration": 4264,
              "state": "failed",
              "speed": null,
              "pass": false,
              "fail": true,
              "pending": false,
              "context": null,
              "code": "cy.get('#board-size').clear().type(51);\ncy.get('#generate-board').click();\ncy.get('.pixel').should('have.length', 2500);",
              "err": {
                "message": "CypressError: Timed out retrying: Expected to find element: '#board-size', but never found it.",
                "estack": "CypressError: Timed out retrying: Expected to find element: '#board-size', but never found it.\n    at cypressErr (http://localhost:32939/__cypress/runner/cypress_runner.js:149934:9)\n    at throwErr (http://localhost:32939/__cypress/runner/cypress_runner.js:149867:11)\n    at Object.throwErrByPath (http://localhost:32939/__cypress/runner/cypress_runner.js:149915:3)\n    at retry (http://localhost:32939/__cypress/runner/cypress_runner.js:144197:19)\n    at onFailFn (http://localhost:32939/__cypress/runner/cypress_runner.js:132448:16)\n    at tryCatcher (http://localhost:32939/__cypress/runner/cypress_runner.js:167415:23)\n    at Promise._settlePromiseFromHandler (http://localhost:32939/__cypress/runner/cypress_runner.js:165351:31)\n    at Promise._settlePromise (http://localhost:32939/__cypress/runner/cypress_runner.js:165408:18)\n    at Promise._settlePromise0 (http://localhost:32939/__cypress/runner/cypress_runner.js:165453:10)\n    at Promise._settlePromises (http://localhost:32939/__cypress/runner/cypress_runner.js:165528:18)\n    at Async../node_modules/bluebird/js/release/async.js.Async._drainQueue (http://localhost:32939/__cypress/runner/cypress_runner.js:162140:16)\n    at Async../node_modules/bluebird/js/release/async.js.Async._drainQueues (http://localhost:32939/__cypress/runner/cypress_runner.js:162150:10)\n    at Async.drainQueues (http://localhost:32939/__cypress/runner/cypress_runner.js:162024:14)",
                "diff": null
              },
              "uuid": "f528f888-02f0-46dc-be17-8b5bb1384fae",
              "parentUUID": "a4212da3-6b89-4cd6-8aeb-fc168eb51ba2",
              "isHook": false,
              "skipped": false
            }
          ],
          "suites": [],
          "passes": [],
          "failures": [
            "aa311a0c-d8b8-4bf7-b983-390fdedae79e",
            "293d655b-f356-458b-9bf1-a57505ee4aa2",
            "f528f888-02f0-46dc-be17-8b5bb1384fae"
          ],
          "pending": [],
          "skipped": [],
          "duration": 12866,
          "root": false,
          "rootEmpty": false,
          "_timeout": 2000
        },
        {
          "uuid": "a112bbfb-a59b-44a8-bd7e-8b419f4658c9",
          "title": "12 - Faça com que as cores da paleta sejam geradas aleatoriamente ao carregar a página.",
          "fullFile": "",
          "file": "",
          "beforeHooks": [],
          "afterHooks": [],
          "tests": [
            {
              "title": "Verifica se as cores geradas na paleta são diferentes a cada carregamento da página",
              "fullTitle": "12 - Faça com que as cores da paleta sejam geradas aleatoriamente ao carregar a página. Verifica se as cores geradas na paleta são diferentes a cada carregamento da página",
              "timedOut": null,
              "duration": 348,
              "state": "failed",
              "speed": null,
              "pass": false,
              "fail": true,
              "pending": false,
              "context": null,
              "code": "cy.get('.color').then(function (colors) {\n  var currentColors;\n  var previousColors;\n  previousColors = Array.from(colors).map(function (color) {\n    return Cypress.$(color).css('background-color');\n  });\n  for (var i = 0; i < 5; i += 1) {\n    cy.reload();\n    cy.get('.color').then(function (colors) {\n      currentColors = Array.from(colors).map(function (color) {\n        return Cypress.$(color).css('background-color');\n      });\n      expect(currentColors).not.to.deep.equal(previousColors);\n      previousColors = currentColors;\n    });\n  }\n});",
              "err": {
                "message": "AssertionError: expected [ Array(4) ] to not deeply equal [ Array(4) ]",
                "estack": "AssertionError: expected [ Array(4) ] to not deeply equal [ Array(4) ]\n    at getRet (http://localhost:32939/__cypress/runner/cypress_runner.js:136585:16)\n    at tryCatcher (http://localhost:32939/__cypress/runner/cypress_runner.js:167415:23)\n    at Function.Promise.attempt.Promise.try (http://localhost:32939/__cypress/runner/cypress_runner.js:164690:29)\n    at Context.thenFn (http://localhost:32939/__cypress/runner/cypress_runner.js:136599:23)\n    at Context.then (http://localhost:32939/__cypress/runner/cypress_runner.js:136971:21)\n    at Context.<anonymous> (http://localhost:32939/__cypress/runner/cypress_runner.js:148875:21)\n    at http://localhost:32939/__cypress/runner/cypress_runner.js:148351:33\n    at tryCatcher (http://localhost:32939/__cypress/runner/cypress_runner.js:167415:23)\n    at Promise._settlePromiseFromHandler (http://localhost:32939/__cypress/runner/cypress_runner.js:165351:31)\n    at Promise._settlePromise (http://localhost:32939/__cypress/runner/cypress_runner.js:165408:18)\n    at Promise._settlePromiseCtx (http://localhost:32939/__cypress/runner/cypress_runner.js:165445:10)\n    at Async../node_modules/bluebird/js/release/async.js.Async._drainQueue (http://localhost:32939/__cypress/runner/cypress_runner.js:162145:12)\n    at Async../node_modules/bluebird/js/release/async.js.Async._drainQueues (http://localhost:32939/__cypress/runner/cypress_runner.js:162150:10)\n    at Async.drainQueues (http://localhost:32939/__cypress/runner/cypress_runner.js:162024:14)",
                "diff": ""
              },
              "uuid": "f07dcfb8-a38c-47c3-9a42-e9f1dabbd7b3",
              "parentUUID": "a112bbfb-a59b-44a8-bd7e-8b419f4658c9",
              "isHook": false,
              "skipped": false
            },
            {
              "title": "Verifica se a cor preta ainda está presente e é a primeira na sua paleta de cores",
              "fullTitle": "12 - Faça com que as cores da paleta sejam geradas aleatoriamente ao carregar a página. Verifica se a cor preta ainda está presente e é a primeira na sua paleta de cores",
              "timedOut": null,
              "duration": 330,
              "state": "failed",
              "speed": null,
              "pass": false,
              "fail": true,
              "pending": false,
              "context": null,
              "code": "cy.get('.color').then(function (colors) {\n  var currentColors;\n  var previousColors;\n  previousColors = Array.from(colors).map(function (color) {\n    return Cypress.$(color).css('background-color');\n  });\n  expect(previousColors[0]).to.eq(BLACK);\n  for (var i = 0; i < 5; i += 1) {\n    cy.reload();\n    cy.get('.color').then(function (colors) {\n      currentColors = Array.from(colors).map(function (color) {\n        return Cypress.$(color).css('background-color');\n      });\n      expect(currentColors[0]).to.eq(BLACK);\n      expect(currentColors).not.to.deep.equal(previousColors);\n      previousColors = currentColors;\n    });\n  }\n});",
              "err": {
                "message": "AssertionError: expected [ Array(4) ] to not deeply equal [ Array(4) ]",
                "estack": "AssertionError: expected [ Array(4) ] to not deeply equal [ Array(4) ]\n    at getRet (http://localhost:32939/__cypress/runner/cypress_runner.js:136585:16)\n    at tryCatcher (http://localhost:32939/__cypress/runner/cypress_runner.js:167415:23)\n    at Function.Promise.attempt.Promise.try (http://localhost:32939/__cypress/runner/cypress_runner.js:164690:29)\n    at Context.thenFn (http://localhost:32939/__cypress/runner/cypress_runner.js:136599:23)\n    at Context.then (http://localhost:32939/__cypress/runner/cypress_runner.js:136971:21)\n    at Context.<anonymous> (http://localhost:32939/__cypress/runner/cypress_runner.js:148875:21)\n    at http://localhost:32939/__cypress/runner/cypress_runner.js:148351:33\n    at tryCatcher (http://localhost:32939/__cypress/runner/cypress_runner.js:167415:23)\n    at Promise._settlePromiseFromHandler (http://localhost:32939/__cypress/runner/cypress_runner.js:165351:31)\n    at Promise._settlePromise (http://localhost:32939/__cypress/runner/cypress_runner.js:165408:18)\n    at Promise._settlePromiseCtx (http://localhost:32939/__cypress/runner/cypress_runner.js:165445:10)\n    at Async../node_modules/bluebird/js/release/async.js.Async._drainQueue (http://localhost:32939/__cypress/runner/cypress_runner.js:162145:12)\n    at Async../node_modules/bluebird/js/release/async.js.Async._drainQueues (http://localhost:32939/__cypress/runner/cypress_runner.js:162150:10)\n    at Async.drainQueues (http://localhost:32939/__cypress/runner/cypress_runner.js:162024:14)",
                "diff": ""
              },
              "uuid": "5a42fd29-1da8-4c2d-b2cd-2fda17c69bb2",
              "parentUUID": "a112bbfb-a59b-44a8-bd7e-8b419f4658c9",
              "isHook": false,
              "skipped": false
            }
          ],
          "suites": [],
          "passes": [],
          "failures": [
            "f07dcfb8-a38c-47c3-9a42-e9f1dabbd7b3",
            "5a42fd29-1da8-4c2d-b2cd-2fda17c69bb2"
          ],
          "pending": [],
          "skipped": [],
          "duration": 678,
          "root": false,
          "rootEmpty": false,
          "_timeout": 2000
        }
      ],
      "passes": [],
      "failures": [],
      "pending": [],
      "skipped": [],
      "duration": 0,
      "root": true,
      "rootEmpty": true,
      "_timeout": 2000
    }
  ],
  "meta": {
    "mocha": {
      "version": "7.0.1"
    },
    "mochawesome": {
      "options": {
        "quiet": false,
        "reportFilename": "mochawesome",
        "saveHtml": false,
        "saveJson": true,
        "consoleReporter": "spec",
        "useInlineDiffs": false
      },
      "version": "4.1.0"
    },
    "marge": {
      "options": {
        "id": "default",
        "reportDir": "cypress/reports",
        "overwrite": true,
        "html": false,
        "json": true
      },
      "version": "4.1.0"
    }
  }
}